INFO:     Will watch for changes in these directories: ['D:\\1. PLACEMENT\\1A. PROJECTS\\KhataBox\\backend']
INFO:     Uvicorn running on http://0.0.0.0:8002 (Press CTRL+C to quit)
INFO:     Started reloader process [11524] using WatchFiles
DEBUG:passlib.utils.compat:loaded lazy attr 'SafeConfigParser': <class 'configparser.ConfigParser'>
DEBUG:passlib.utils.compat:loaded lazy attr 'NativeStringIO': <class '_io.StringIO'>
DEBUG:passlib.utils.compat:loaded lazy attr 'BytesIO': <class '_io.BytesIO'>
DEBUG:passlib.registry:registered 'bcrypt' handler: <class 'passlib.handlers.bcrypt.bcrypt'>
DEBUG:botocore.hooks:Changing event name from creating-client-class.iot-data to creating-client-class.iot-data-plane
DEBUG:botocore.hooks:Changing event name from before-call.apigateway to before-call.api-gateway
DEBUG:botocore.hooks:Changing event name from request-created.machinelearning.Predict to request-created.machine-learning.Predict
DEBUG:botocore.hooks:Changing event name from before-parameter-build.autoscaling.CreateLaunchConfiguration to before-parameter-build.auto-scaling.CreateLaunchConfiguration
DEBUG:botocore.hooks:Changing event name from before-parameter-build.route53 to before-parameter-build.route-53
DEBUG:botocore.hooks:Changing event name from request-created.cloudsearchdomain.Search to request-created.cloudsearch-domain.Search
DEBUG:botocore.hooks:Changing event name from docs.*.autoscaling.CreateLaunchConfiguration.complete-section to docs.*.auto-scaling.CreateLaunchConfiguration.complete-section
DEBUG:botocore.hooks:Changing event name from before-parameter-build.logs.CreateExportTask to before-parameter-build.cloudwatch-logs.CreateExportTask
DEBUG:botocore.hooks:Changing event name from docs.*.logs.CreateExportTask.complete-section to docs.*.cloudwatch-logs.CreateExportTask.complete-section
DEBUG:botocore.hooks:Changing event name from before-parameter-build.cloudsearchdomain.Search to before-parameter-build.cloudsearch-domain.Search
DEBUG:botocore.hooks:Changing event name from docs.*.cloudsearchdomain.Search.complete-section to docs.*.cloudsearch-domain.Search.complete-section
DEBUG:botocore.loaders:Loading JSON file: D:\1. PLACEMENT\1A. PROJECTS\KhataBox\backend\venv\Lib\site-packages\botocore\data\endpoints.json
DEBUG:botocore.loaders:Loading JSON file: D:\1. PLACEMENT\1A. PROJECTS\KhataBox\backend\venv\Lib\site-packages\botocore\data\sdk-default-configuration.json
DEBUG:botocore.hooks:Event choose-service-name: calling handler <function handle_service_name_alias at 0x0000024DB4086DA0>
DEBUG:botocore.loaders:Loading JSON file: D:\1. PLACEMENT\1A. PROJECTS\KhataBox\backend\venv\Lib\site-packages\botocore\data\s3\2006-03-01\service-2.json.gz
DEBUG:botocore.loaders:Loading JSON file: D:\1. PLACEMENT\1A. PROJECTS\KhataBox\backend\venv\Lib\site-packages\botocore\data\s3\2006-03-01\service-2.sdk-extras.json
DEBUG:botocore.loaders:Loading JSON file: D:\1. PLACEMENT\1A. PROJECTS\KhataBox\backend\venv\Lib\site-packages\botocore\data\s3\2006-03-01\endpoint-rule-set-1.json.gz
DEBUG:botocore.loaders:Loading JSON file: D:\1. PLACEMENT\1A. PROJECTS\KhataBox\backend\venv\Lib\site-packages\botocore\data\partitions.json
DEBUG:botocore.hooks:Event creating-client-class.s3: calling handler <function add_generate_presigned_post at 0x0000024DB3FE8BF0>
DEBUG:botocore.hooks:Event creating-client-class.s3: calling handler <function lazy_call.<locals>._handler at 0x0000024DB2DB64B0>
DEBUG:botocore.hooks:Event creating-client-class.s3: calling handler <function add_generate_presigned_url at 0x0000024DB3FE8930>
DEBUG:botocore.configprovider:Looking for endpoint for s3 via: environment_service
DEBUG:botocore.configprovider:Looking for endpoint for s3 via: environment_global
DEBUG:botocore.configprovider:Looking for endpoint for s3 via: config_service
DEBUG:botocore.configprovider:Looking for endpoint for s3 via: config_global
DEBUG:botocore.configprovider:No configured endpoint found.
DEBUG:botocore.endpoint:Setting s3 timeout as (60, 60)
DEBUG:botocore.loaders:Loading JSON file: D:\1. PLACEMENT\1A. PROJECTS\KhataBox\backend\venv\Lib\site-packages\botocore\data\_retry.json
DEBUG:botocore.client:Registering retry handlers for service: s3
DEBUG:botocore.utils:Registering S3 region redirector handler
DEBUG:botocore.utils:Registering S3Express Identity Resolver
INFO:     Started server process [17220]
INFO:     Waiting for application startup.
INFO:     Application startup complete.
INFO:     127.0.0.1:50436 - "GET /openapi.json HTTP/1.1" 200 OK
INFO:app.api.v1.auth:Starting registration for debugnew12@khatabox.com
INFO:app.api.v1.auth:Creating user with role=shopkeeper
DEBUG:passlib.handlers.bcrypt:detected 'bcrypt' backend, version '4.0.1'
DEBUG:passlib.handlers.bcrypt:'bcrypt' backend lacks $2$ support, enabling workaround
INFO:app.api.v1.auth:User committed: id=132
INFO:app.api.v1.auth:DEBUG: role=shopkeeper, check=(role == 'shopkeeper'), store_name=Debug New 12 Store
INFO:app.api.v1.auth:Creating store for user 132
INFO:app.api.v1.auth:Store type string: 'kirana'
INFO:app.api.v1.auth:Store object created: Debug New 12 Store, 132
INFO:app.api.v1.auth:Store added to session
ERROR:app.api.v1.auth:ERROR creating store: ProgrammingError: (sqlalchemy.dialects.postgresql.asyncpg.ProgrammingError) <class 'asyncpg.exceptions.UndefinedObjectError'>: type "storetype" does not exist
[SQL: INSERT INTO stores (name, store_type, address, city, state, pin_code, gst_number, monthly_revenue, business_description, owner_id, is_active, created_at, updated_at) VALUES ($1::VARCHAR, $2::storetype, $3::VARCHAR, $4::VARCHAR, $5::VARCHAR, $6::VARCHAR, $7::VARCHAR, $8::NUMERIC(12, 2), $9::VARCHAR, $10::INTEGER, $11::BOOLEAN, $12::TIMESTAMP WITH TIME ZONE, $13::TIMESTAMP WITH TIME ZONE) RETURNING stores.id]
[parameters: ('Debug New 12 Store', 'kirana', '789 Test', 'Hyderabad', 'Telangana', '500001', None, None, None, 132, True, datetime.datetime(2026, 6, 10, 20, 21, 55, 103389, tzinfo=datetime.timezone.utc), datetime.datetime(2026, 6, 10, 20, 21, 55, 103407, tzinfo=datetime.timezone.utc))]
(Background on this error at: https://sqlalche.me/e/20/f405)
INFO:     127.0.0.1:59723 - "POST /api/v1/auth/register HTTP/1.1" 500 Internal Server Error
WARNING:  WatchFiles detected changes in 'app\models\store.py'. Reloading...
INFO:app.api.v1.auth:Starting registration for finaltest1@khatabox.com
INFO:app.api.v1.auth:Creating user with role=shopkeeper
INFO:app.api.v1.auth:User committed: id=133
INFO:app.api.v1.auth:DEBUG: role=shopkeeper, check=(role == 'shopkeeper'), store_name=Final Test 1 Store
INFO:app.api.v1.auth:Creating store for user 133
INFO:app.api.v1.auth:Store type string: 'kirana'
INFO:app.api.v1.auth:Store object created: Final Test 1 Store, 133
INFO:app.api.v1.auth:Store added to session
ERROR:app.api.v1.auth:ERROR creating store: ProgrammingError: (sqlalchemy.dialects.postgresql.asyncpg.ProgrammingError) <class 'asyncpg.exceptions.UndefinedObjectError'>: type "storetype" does not exist
[SQL: INSERT INTO stores (name, store_type, address, city, state, pin_code, gst_number, monthly_revenue, business_description, owner_id, is_active, created_at, updated_at) VALUES ($1::VARCHAR, $2::storetype, $3::VARCHAR, $4::VARCHAR, $5::VARCHAR, $6::VARCHAR, $7::VARCHAR, $8::NUMERIC(12, 2), $9::VARCHAR, $10::INTEGER, $11::BOOLEAN, $12::TIMESTAMP WITH TIME ZONE, $13::TIMESTAMP WITH TIME ZONE) RETURNING stores.id]
[parameters: ('Final Test 1 Store', 'kirana', '999 Test', 'Pune', 'Maharashtra', '411001', None, None, None, 133, True, datetime.datetime(2026, 6, 10, 20, 22, 54, 7325, tzinfo=datetime.timezone.utc), datetime.datetime(2026, 6, 10, 20, 22, 54, 7338, tzinfo=datetime.timezone.utc))]
(Background on this error at: https://sqlalche.me/e/20/f405)
INFO:     127.0.0.1:53107 - "POST /api/v1/auth/register HTTP/1.1" 500 Internal Server Error
INFO:app.api.v1.auth:Starting registration for testafterclear@khatabox.com
INFO:app.api.v1.auth:Creating user with role=shopkeeper
INFO:app.api.v1.auth:User committed: id=134
INFO:app.api.v1.auth:DEBUG: role=shopkeeper, check=(role == 'shopkeeper'), store_name=Test After Clear Store
INFO:app.api.v1.auth:Creating store for user 134
INFO:app.api.v1.auth:Store type string: 'kirana'
INFO:app.api.v1.auth:Store object created: Test After Clear Store, 134
INFO:app.api.v1.auth:Store added to session
ERROR:app.api.v1.auth:ERROR creating store: ProgrammingError: (sqlalchemy.dialects.postgresql.asyncpg.ProgrammingError) <class 'asyncpg.exceptions.UndefinedObjectError'>: type "storetype" does not exist
[SQL: INSERT INTO stores (name, store_type, address, city, state, pin_code, gst_number, monthly_revenue, business_description, owner_id, is_active, created_at, updated_at) VALUES ($1::VARCHAR, $2::storetype, $3::VARCHAR, $4::VARCHAR, $5::VARCHAR, $6::VARCHAR, $7::VARCHAR, $8::NUMERIC(12, 2), $9::VARCHAR, $10::INTEGER, $11::BOOLEAN, $12::TIMESTAMP WITH TIME ZONE, $13::TIMESTAMP WITH TIME ZONE) RETURNING stores.id]
[parameters: ('Test After Clear Store', 'kirana', '111 Test', 'Chennai', 'Tamil Nadu', '600001', None, None, None, 134, True, datetime.datetime(2026, 6, 10, 20, 23, 25, 220698, tzinfo=datetime.timezone.utc), datetime.datetime(2026, 6, 10, 20, 23, 25, 220703, tzinfo=datetime.timezone.utc))]
(Background on this error at: https://sqlalche.me/e/20/f405)
INFO:     127.0.0.1:64456 - "POST /api/v1/auth/register HTTP/1.1" 500 Internal Server Error
INFO:app.api.v1.auth:Starting registration for reloadtest1@khatabox.com
INFO:app.api.v1.auth:Creating user with role=shopkeeper
INFO:app.api.v1.auth:User committed: id=135
INFO:app.api.v1.auth:DEBUG: role=shopkeeper, check=(role == 'shopkeeper'), store_name=Reload Test 1 Store
INFO:app.api.v1.auth:Creating store for user 135
INFO:app.api.v1.auth:Store type string: 'kirana'
INFO:app.api.v1.auth:Store object created: Reload Test 1 Store, 135
INFO:app.api.v1.auth:Store added to session
ERROR:app.api.v1.auth:ERROR creating store: ProgrammingError: (sqlalchemy.dialects.postgresql.asyncpg.ProgrammingError) <class 'asyncpg.exceptions.UndefinedObjectError'>: type "storetype" does not exist
[SQL: INSERT INTO stores (name, store_type, address, city, state, pin_code, gst_number, monthly_revenue, business_description, owner_id, is_active, created_at, updated_at) VALUES ($1::VARCHAR, $2::storetype, $3::VARCHAR, $4::VARCHAR, $5::VARCHAR, $6::VARCHAR, $7::VARCHAR, $8::NUMERIC(12, 2), $9::VARCHAR, $10::INTEGER, $11::BOOLEAN, $12::TIMESTAMP WITH TIME ZONE, $13::TIMESTAMP WITH TIME ZONE) RETURNING stores.id]
[parameters: ('Reload Test 1 Store', 'kirana', '222 Test', 'Kolkata', 'West Bengal', '700001', None, None, None, 135, True, datetime.datetime(2026, 6, 10, 20, 24, 46, 189725, tzinfo=datetime.timezone.utc), datetime.datetime(2026, 6, 10, 20, 24, 46, 189735, tzinfo=datetime.timezone.utc))]
(Background on this error at: https://sqlalche.me/e/20/f405)
INFO:     127.0.0.1:49186 - "POST /api/v1/auth/register HTTP/1.1" 500 Internal Server Error
INFO:app.api.v1.auth:Starting registration for rawsqltest@khatabox.com
INFO:app.api.v1.auth:Creating user with role=shopkeeper
INFO:app.api.v1.auth:User committed: id=136
INFO:app.api.v1.auth:DEBUG: role=shopkeeper, check=(role == 'shopkeeper'), store_name=Raw SQL Test Store
INFO:app.api.v1.auth:Creating store for user 136
INFO:app.api.v1.auth:Store type string: 'kirana'
INFO:app.api.v1.auth:Store object created: Raw SQL Test Store, 136
INFO:app.api.v1.auth:Store added to session
ERROR:app.api.v1.auth:ERROR creating store: ProgrammingError: (sqlalchemy.dialects.postgresql.asyncpg.ProgrammingError) <class 'asyncpg.exceptions.UndefinedObjectError'>: type "storetype" does not exist
[SQL: INSERT INTO stores (name, store_type, address, city, state, pin_code, gst_number, monthly_revenue, business_description, owner_id, is_active, created_at, updated_at) VALUES ($1::VARCHAR, $2::storetype, $3::VARCHAR, $4::VARCHAR, $5::VARCHAR, $6::VARCHAR, $7::VARCHAR, $8::NUMERIC(12, 2), $9::VARCHAR, $10::INTEGER, $11::BOOLEAN, $12::TIMESTAMP WITH TIME ZONE, $13::TIMESTAMP WITH TIME ZONE) RETURNING stores.id]
[parameters: ('Raw SQL Test Store', 'kirana', '333 Test', 'Ahmedabad', 'Gujarat', '380001', None, None, None, 136, True, datetime.datetime(2026, 6, 10, 20, 26, 25, 365015, tzinfo=datetime.timezone.utc), datetime.datetime(2026, 6, 10, 20, 26, 25, 365022, tzinfo=datetime.timezone.utc))]
(Background on this error at: https://sqlalche.me/e/20/f405)
INFO:     127.0.0.1:58786 - "POST /api/v1/auth/register HTTP/1.1" 500 Internal Server Error
INFO:app.api.v1.auth:Starting registration for freshstart@khatabox.com
INFO:app.api.v1.auth:Creating user with role=shopkeeper
INFO:app.api.v1.auth:User committed: id=137
INFO:app.api.v1.auth:DEBUG: role=shopkeeper, check=(role == 'shopkeeper'), store_name=Fresh Start Store
INFO:app.api.v1.auth:Creating store for user 137
INFO:app.api.v1.auth:Store type string: 'kirana'
INFO:app.api.v1.auth:Store object created: Fresh Start Store, 137
INFO:app.api.v1.auth:Store added to session
ERROR:app.api.v1.auth:ERROR creating store: ProgrammingError: (sqlalchemy.dialects.postgresql.asyncpg.ProgrammingError) <class 'asyncpg.exceptions.UndefinedObjectError'>: type "storetype" does not exist
[SQL: INSERT INTO stores (name, store_type, address, city, state, pin_code, gst_number, monthly_revenue, business_description, owner_id, is_active, created_at, updated_at) VALUES ($1::VARCHAR, $2::storetype, $3::VARCHAR, $4::VARCHAR, $5::VARCHAR, $6::VARCHAR, $7::VARCHAR, $8::NUMERIC(12, 2), $9::VARCHAR, $10::INTEGER, $11::BOOLEAN, $12::TIMESTAMP WITH TIME ZONE, $13::TIMESTAMP WITH TIME ZONE) RETURNING stores.id]
[parameters: ('Fresh Start Store', 'kirana', '444 Test', 'Jaipur', 'Rajasthan', '302001', None, None, None, 137, True, datetime.datetime(2026, 6, 10, 20, 27, 4, 738655, tzinfo=datetime.timezone.utc), datetime.datetime(2026, 6, 10, 20, 27, 4, 738663, tzinfo=datetime.timezone.utc))]
(Background on this error at: https://sqlalche.me/e/20/f405)
INFO:     127.0.0.1:56464 - "POST /api/v1/auth/register HTTP/1.1" 500 Internal Server Error
