INFO:     Started server process [14532]
INFO:     Waiting for application startup.
INFO:     Application startup complete.
INFO:     Uvicorn running on http://0.0.0.0:8001 (Press CTRL+C to quit)
ERROR:    Exception in ASGI application
Traceback (most recent call last):
  File "D:\1. PLACEMENT\1A. PROJECTS\KhataBox\backend\venv\Lib\site-packages\uvicorn\protocols\http\h11_impl.py", line 403, in run_asgi
    result = await app(  # type: ignore[func-returns-value]
             ^^^^^^^^^^^^^^^^^^^^^^^^^^^^^^^^^^^^^^^^^^^^^^
        self.scope, self.receive, self.send
        ^^^^^^^^^^^^^^^^^^^^^^^^^^^^^^^^^^^
    )
    ^
  File "D:\1. PLACEMENT\1A. PROJECTS\KhataBox\backend\venv\Lib\site-packages\uvicorn\middleware\proxy_headers.py", line 60, in __call__
    return await self.app(scope, receive, send)
           ^^^^^^^^^^^^^^^^^^^^^^^^^^^^^^^^^^^^
  File "D:\1. PLACEMENT\1A. PROJECTS\KhataBox\backend\venv\Lib\site-packages\fastapi\applications.py", line 1054, in __call__
    await super().__call__(scope, receive, send)
  File "D:\1. PLACEMENT\1A. PROJECTS\KhataBox\backend\venv\Lib\site-packages\sentry_sdk\integrations\starlette.py", line 465, in _sentry_patched_asgi_app
    return await middleware(scope, receive, send)
           ^^^^^^^^^^^^^^^^^^^^^^^^^^^^^^^^^^^^^^
  File "D:\1. PLACEMENT\1A. PROJECTS\KhataBox\backend\venv\Lib\site-packages\sentry_sdk\integrations\asgi.py", line 188, in _run_asgi3
    return await self._run_app(scope, receive, send, asgi_version=3)
           ^^^^^^^^^^^^^^^^^^^^^^^^^^^^^^^^^^^^^^^^^^^^^^^^^^^^^^^^^
  File "D:\1. PLACEMENT\1A. PROJECTS\KhataBox\backend\venv\Lib\site-packages\sentry_sdk\integrations\asgi.py", line 369, in _run_app
    raise exc from None
  File "D:\1. PLACEMENT\1A. PROJECTS\KhataBox\backend\venv\Lib\site-packages\sentry_sdk\integrations\asgi.py", line 357, in _run_app
    return await self.app(
           ^^^^^^^^^^^^^^^
        scope, receive, _sentry_wrapped_send
        ^^^^^^^^^^^^^^^^^^^^^^^^^^^^^^^^^^^^
    )
    ^
  File "D:\1. PLACEMENT\1A. PROJECTS\KhataBox\backend\venv\Lib\site-packages\starlette\applications.py", line 113, in __call__
    await self.middleware_stack(scope, receive, send)
  File "D:\1. PLACEMENT\1A. PROJECTS\KhataBox\backend\venv\Lib\site-packages\sentry_sdk\integrations\starlette.py", line 175, in _create_span_call
    return await old_call(app, scope, receive, send, **kwargs)
           ^^^^^^^^^^^^^^^^^^^^^^^^^^^^^^^^^^^^^^^^^^^^^^^^^^^
  File "D:\1. PLACEMENT\1A. PROJECTS\KhataBox\backend\venv\Lib\site-packages\starlette\middleware\errors.py", line 187, in __call__
    raise exc
  File "D:\1. PLACEMENT\1A. PROJECTS\KhataBox\backend\venv\Lib\site-packages\starlette\middleware\errors.py", line 165, in __call__
    await self.app(scope, receive, _send)
  File "D:\1. PLACEMENT\1A. PROJECTS\KhataBox\backend\venv\Lib\site-packages\sentry_sdk\integrations\starlette.py", line 175, in _create_span_call
    return await old_call(app, scope, receive, send, **kwargs)
           ^^^^^^^^^^^^^^^^^^^^^^^^^^^^^^^^^^^^^^^^^^^^^^^^^^^
  File "D:\1. PLACEMENT\1A. PROJECTS\KhataBox\backend\venv\Lib\site-packages\starlette\middleware\base.py", line 185, in __call__
    with collapse_excgroups():
         ~~~~~~~~~~~~~~~~~~^^
  File "C:\Users\HP\AppData\Local\Python\pythoncore-3.14-64\Lib\contextlib.py", line 162, in __exit__
    self.gen.throw(value)
    ~~~~~~~~~~~~~~^^^^^^^
  File "D:\1. PLACEMENT\1A. PROJECTS\KhataBox\backend\venv\Lib\site-packages\starlette\_utils.py", line 82, in collapse_excgroups
    raise exc
  File "D:\1. PLACEMENT\1A. PROJECTS\KhataBox\backend\venv\Lib\site-packages\starlette\middleware\base.py", line 187, in __call__
    response = await self.dispatch_func(request, call_next)
               ^^^^^^^^^^^^^^^^^^^^^^^^^^^^^^^^^^^^^^^^^^^^
  File "D:\1. PLACEMENT\1A. PROJECTS\KhataBox\backend\app\main.py", line 56, in add_performance_headers
    response = await call_next(request)
               ^^^^^^^^^^^^^^^^^^^^^^^^
  File "D:\1. PLACEMENT\1A. PROJECTS\KhataBox\backend\venv\Lib\site-packages\starlette\middleware\base.py", line 163, in call_next
    raise app_exc
  File "D:\1. PLACEMENT\1A. PROJECTS\KhataBox\backend\venv\Lib\site-packages\starlette\middleware\base.py", line 149, in coro
    await self.app(scope, receive_or_disconnect, send_no_error)
  File "D:\1. PLACEMENT\1A. PROJECTS\KhataBox\backend\venv\Lib\site-packages\sentry_sdk\integrations\starlette.py", line 175, in _create_span_call
    return await old_call(app, scope, receive, send, **kwargs)
           ^^^^^^^^^^^^^^^^^^^^^^^^^^^^^^^^^^^^^^^^^^^^^^^^^^^
  File "D:\1. PLACEMENT\1A. PROJECTS\KhataBox\backend\venv\Lib\site-packages\starlette\middleware\base.py", line 185, in __call__
    with collapse_excgroups():
         ~~~~~~~~~~~~~~~~~~^^
  File "C:\Users\HP\AppData\Local\Python\pythoncore-3.14-64\Lib\contextlib.py", line 162, in __exit__
    self.gen.throw(value)
    ~~~~~~~~~~~~~~^^^^^^^
  File "D:\1. PLACEMENT\1A. PROJECTS\KhataBox\backend\venv\Lib\site-packages\starlette\_utils.py", line 82, in collapse_excgroups
    raise exc
  File "D:\1. PLACEMENT\1A. PROJECTS\KhataBox\backend\venv\Lib\site-packages\starlette\middleware\base.py", line 187, in __call__
    response = await self.dispatch_func(request, call_next)
               ^^^^^^^^^^^^^^^^^^^^^^^^^^^^^^^^^^^^^^^^^^^^
  File "D:\1. PLACEMENT\1A. PROJECTS\KhataBox\backend\app\main.py", line 50, in rate_limit
    return await rate_limit_middleware(request, call_next)
           ^^^^^^^^^^^^^^^^^^^^^^^^^^^^^^^^^^^^^^^^^^^^^^^
  File "D:\1. PLACEMENT\1A. PROJECTS\KhataBox\backend\app\services\rate_limiter.py", line 53, in rate_limit_middleware
    allowed = await _check_redis(client_ip)
              ^^^^^^^^^^^^^^^^^^^^^^^^^^^^^
  File "D:\1. PLACEMENT\1A. PROJECTS\KhataBox\backend\app\services\rate_limiter.py", line 25, in _check_redis
    count = await _redis.get(window_key)
            ^^^^^^^^^^^^^^^^^^^^^^^^^^^^
  File "D:\1. PLACEMENT\1A. PROJECTS\KhataBox\backend\venv\Lib\site-packages\sentry_sdk\integrations\redis\_async_common.py", line 152, in _sentry_execute_command
    value = await old_execute_command(self, name, *args, **kwargs)
            ^^^^^^^^^^^^^^^^^^^^^^^^^^^^^^^^^^^^^^^^^^^^^^^^^^^^^^
  File "D:\1. PLACEMENT\1A. PROJECTS\KhataBox\backend\venv\Lib\site-packages\redis\asyncio\client.py", line 611, in execute_command
    conn = self.connection or await pool.get_connection(command_name, **options)
                              ^^^^^^^^^^^^^^^^^^^^^^^^^^^^^^^^^^^^^^^^^^^^^^^^^^
  File "D:\1. PLACEMENT\1A. PROJECTS\KhataBox\backend\venv\Lib\site-packages\redis\asyncio\connection.py", line 1064, in get_connection
    await self.ensure_connection(connection)
  File "D:\1. PLACEMENT\1A. PROJECTS\KhataBox\backend\venv\Lib\site-packages\redis\asyncio\connection.py", line 1097, in ensure_connection
    await connection.connect()
  File "D:\1. PLACEMENT\1A. PROJECTS\KhataBox\backend\venv\Lib\site-packages\redis\asyncio\connection.py", line 289, in connect
    raise ConnectionError(self._error_message(e))
redis.exceptions.ConnectionError: Error 22 connecting to localhost:6379. The remote computer refused the network connection.
